2025-06-06 12:24:18,146 - INFO - 📊 PCA + 클러스터링 분석 시작
2025-06-06 12:26:19,139 - INFO - 📊 PCA + 클러스터링 분석 시작
2025-06-06 12:26:19,463 - INFO - ✅ 데이터 로드 완료. 행 개수: 3064538
2025-06-06 12:26:19,485 - INFO - ✅ 분석 대상 변수 정리 완료. 유효 행 개수: 3064538
2025-06-06 12:26:19,540 - INFO - ✅ 변수 표준화 완료
2025-06-06 12:26:19,579 - INFO - ✅ PCA 완료. PC1: 45.94%, PC2: 24.27% 설명
2025-06-06 12:26:19,580 - INFO - 📄 변수별 주성분 기여도 저장 완료
2025-06-06 12:26:19,580 - INFO - 🔁 KMeans 클러스터링 시작 (k=3)
2025-06-06 12:26:20,225 - INFO - ✅ 클러스터링 완료
2025-06-06 12:26:20,269 - INFO - 📄 클러스터별 평균 요약 저장 완료
2025-06-06 12:26:20,499 - INFO - 🖼 기여도 히트맵 저장 완료
2025-06-06 12:26:44,760 - INFO - 🖼 PCA 클러스터링 시각화 저장 완료
2025-06-06 12:26:44,760 - INFO - ✅ 전체 분석 완료. 소요 시간: 25.62초
2025-06-06 12:28:40,443 - INFO - 📊 PCA + 클러스터링 분석 시작
2025-06-06 12:28:40,771 - INFO - ✅ 데이터 로드 완료. 행 개수: 3064538
2025-06-06 12:28:40,809 - INFO - ✅ 분석 대상 변수 정리 완료. 유효 행 개수: 3064538
2025-06-06 12:28:40,880 - INFO - ✅ 변수 표준화 완료
2025-06-06 12:28:40,918 - INFO - ✅ PCA 완료. PC1: 45.94%, PC2: 24.27% 설명
2025-06-06 12:28:40,920 - INFO - 📄 변수별 주성분 기여도 저장 완료
2025-06-06 12:28:40,920 - INFO - 🔁 KMeans 클러스터링 시작 (k=3)
2025-06-06 12:28:41,539 - INFO - ✅ 클러스터링 완료
2025-06-06 12:28:41,582 - INFO - 📄 클러스터별 평균 요약 저장 완료
2025-06-06 12:28:41,758 - INFO - 🖼 기여도 히트맵 저장 완료
2025-06-06 12:29:05,801 - INFO - 🖼 PCA 클러스터링 시각화 저장 완료
2025-06-06 12:29:05,801 - INFO - ✅ 전체 분석 완료. 소요 시간: 25.36초
2025-06-06 12:29:50,234 - INFO - 📊 PCA + 클러스터링 분석 시작
2025-06-06 12:29:50,555 - INFO - ✅ 데이터 로드 완료. 행 개수: 3064538
2025-06-06 12:29:50,577 - INFO - ✅ 분석 대상 변수 정리 완료. 유효 행 개수: 3064538
2025-06-06 12:29:50,629 - INFO - ✅ 변수 표준화 완료
2025-06-06 12:29:50,666 - INFO - ✅ PCA 완료. PC1: 45.94%, PC2: 24.27% 설명
2025-06-06 12:29:50,667 - INFO - 📄 변수별 주성분 기여도 저장 완료
2025-06-06 12:29:50,667 - INFO - 🔁 KMeans 클러스터링 시작 (k=3)
2025-06-06 12:29:51,298 - INFO - ✅ 클러스터링 완료
2025-06-06 12:29:51,337 - INFO - 📄 클러스터별 평균 요약 저장 완료
2025-06-06 12:29:51,493 - INFO - 🖼 기여도 히트맵 저장 완료
2025-06-06 12:30:15,491 - INFO - 🖼 PCA 클러스터링 시각화 저장 완료
2025-06-06 12:30:15,491 - INFO - ✅ 전체 분석 완료. 소요 시간: 25.26초
